[12:31:34] [Server thread/INFO]: Starting minecraft server version 1.7.2
[12:31:34] [Server thread/INFO]: Loading properties
[12:31:34] [Server thread/INFO]: Default game type: SURVIVAL
[12:31:34] [Server thread/INFO]: This server is running CraftBukkit version git-Spigot-1312 (MC: 1.7.2) (Implementing API version 1.7.2-R0.3-SNAPSHOT)
[12:31:34] [Server thread/INFO]: Using 4 threads for Netty based IO
[12:31:34] [Server thread/INFO]: Server Ping Player Sample Count: 12
[12:31:34] [Server thread/INFO]: Generating keypair
[12:31:34] [Server thread/INFO]: Starting Minecraft server on 10.0.3.29:22929
[12:31:34] [Server thread/INFO]: [PermissionsEx] sql backend registered!
[12:31:34] [Server thread/INFO]: [PermissionsEx] file backend registered!
[12:31:34] [Server thread/INFO]: [ServerConnect] Loading ServerConnect v0.1
[12:31:34] [Server thread/INFO]: [Vault] Loading Vault v1.2.31-b411
[12:31:34] [Server thread/INFO]: [Multiverse-Core] Loading Multiverse-Core v2.4-b527
[12:31:34] [Server thread/INFO]: [WorldEdit] Loading WorldEdit v5.7-SNAPSHOT:3011-bc711d9,master
[12:31:34] [Server thread/INFO]: [PermissionsEx] Loading PermissionsEx v1.20.4
[12:31:34] [Server thread/INFO]: [PermissionsEx] Initializing file backend
[12:31:34] [Server thread/INFO]: Permissions file successfully reloaded
[12:31:34] [Server thread/INFO]: [Craftconomy3] Loading Craftconomy3 v3.1.5 jenkins-Craftconomy3-2076
[12:31:34] [Server thread/INFO]: [PortalCommands] Loading PortalCommands v1.0
[12:31:34] [Server thread/INFO]: [WorldGuard] Loading WorldGuard v5.9
[12:31:34] [Server thread/INFO]: [Essentials] Loading Essentials v2.12.2
[12:31:34] [Server thread/INFO]: [EssentialsChat] Loading EssentialsChat v2.12.2
[12:31:34] [Server thread/INFO]: [EssentialsProtect] Loading EssentialsProtect v2.12.2
[12:31:34] [Server thread/INFO]: [EssentialsSpawn] Loading EssentialsSpawn v2.12.2
[12:31:34] [Server thread/INFO]: [EssentialsAntiBuild] Loading EssentialsAntiBuild v2.12.2
[12:31:34] [Server thread/INFO]: [Vault] Enabling Vault v1.2.31-b411
[12:31:34] [Server thread/INFO]: [Vault] [Vault][Economy] CraftConomy3 found: Waiting
[12:31:34] [Server thread/INFO]: [Vault] [Vault][Economy] Essentials Economy found: Waiting
[12:31:34] [Server thread/INFO]: [Vault] [Vault][Permission] PermissionsEx found: Waiting
[12:31:34] [Server thread/INFO]: [Vault] [Vault][Permission] SuperPermissions loaded as backup permission system.
[12:31:34] [Server thread/INFO]: [Vault] [Vault][Chat] PermissionsEx found: Waiting
[12:31:34] [Server thread/INFO]: [Vault] [Vault] Enabled Version 1.2.31-b411
[12:31:34] [Server thread/WARN]: **** SERVER IS RUNNING IN OFFLINE/INSECURE MODE!
[12:31:34] [Server thread/WARN]: The server will make no attempt to authenticate usernames. Beware.
[12:31:34] [Server thread/WARN]: While this makes the game possible to play without internet access, it also opens up the ability for hackers to connect with any username they choose.
[12:31:34] [Server thread/WARN]: To change this, set "online-mode" to "true" in the server.properties file.
[12:31:34] [Server thread/INFO]: Preparing level "hyperwall"
[12:31:34] [Server thread/INFO]: -------- World Settings For [hyperwall] --------
[12:31:34] [Server thread/INFO]: Entity Tracking Range: Pl 48 / An 48 / Mo 48 / Mi 32 / Other 64
[12:31:34] [Server thread/INFO]: Hopper Transfer: 8 Hopper Check: 8
[12:31:34] [Server thread/INFO]: Random Lighting Updates: false
[12:31:34] [Server thread/INFO]: Structure Info Saving: true
[12:31:34] [Server thread/INFO]: Sending up to 5 chunks per packet
[12:31:34] [Server thread/INFO]: Max Entity Collisions: 8
[12:31:34] [Server thread/INFO]: Entity Activation Range: An 32 / Mo 32 / Mi 16
[12:31:34] [Server thread/INFO]: Cactus Growth Modifier: 100%
[12:31:34] [Server thread/INFO]: Cane Growth Modifier: 100%
[12:31:34] [Server thread/INFO]: Melon Growth Modifier: 100%
[12:31:34] [Server thread/INFO]: Mushroom Growth Modifier: 100%
[12:31:34] [Server thread/INFO]: Pumpkin Growth Modifier: 100%
[12:31:34] [Server thread/INFO]: Sapling Growth Modifier: 100%
[12:31:34] [Server thread/INFO]: Wheat Growth Modifier: 100%
[12:31:34] [Server thread/INFO]: Anti X-Ray: true
[12:31:34] [Server thread/INFO]: 	Engine Mode: 1
[12:31:34] [Server thread/INFO]: 	Hidden Blocks: [14, 15, 16, 21, 48, 49, 54, 56, 73, 74, 82, 129, 130]
[12:31:34] [Server thread/INFO]: 	Replace Blocks: [1, 5]
[12:31:34] [Server thread/INFO]: View Distance: 10
[12:31:34] [Server thread/INFO]: Chunks to Grow per Tick: 650
[12:31:34] [Server thread/INFO]: Clear tick list: false
[12:31:34] [Server thread/INFO]: Experience Merge Radius: 3.0
[12:31:34] [Server thread/INFO]: Mob Spawn Range: 4
[12:31:34] [Server thread/INFO]: Nerfing mobs spawned from spawners: false
[12:31:34] [Server thread/INFO]: Arrow Despawn Rate: 1200
[12:31:34] [Server thread/INFO]: Item Despawn Rate: 6000
[12:31:34] [Server thread/INFO]: Item Merge Radius: 2.5
[12:31:34] [Server thread/INFO]: Allow Zombie Pigmen to spawn from portal blocks: true
[12:31:34] [Server thread/INFO]: Zombie Aggressive Towards Villager: true
[12:31:35] [Server thread/INFO]: Preparing start region for level 0 (Seed: -2705508231839628497)
[12:31:35] [Server thread/INFO]: [ServerConnect] Enabling ServerConnect v0.1
[12:31:35] [Server thread/INFO]: [Multiverse-Core] Enabling Multiverse-Core v2.4-b527
[12:31:35] [Server thread/INFO]: [Multiverse-Core] - Version 2.4-b527 (API v14) Enabled - By Rigby, fernferret, lithium3141 and main--
[12:31:35] [Server thread/INFO]: [AllPay] - Version 10.0 - hooked into Essentials Economy for Multiverse-Core v2.4-b527
[12:31:35] [Server thread/INFO]: [Multiverse-Core] Loading World & Settings - 'worldwalls' - Env: NORMAL - Type: FLAT & seed: 7036588432996599363
[12:31:35] [Server thread/INFO]: -------- World Settings For [worldwalls] --------
[12:31:35] [Server thread/INFO]: Entity Tracking Range: Pl 48 / An 48 / Mo 48 / Mi 32 / Other 64
[12:31:35] [Server thread/INFO]: Hopper Transfer: 8 Hopper Check: 8
[12:31:35] [Server thread/INFO]: Random Lighting Updates: false
[12:31:35] [Server thread/INFO]: Structure Info Saving: true
[12:31:35] [Server thread/INFO]: Sending up to 5 chunks per packet
[12:31:35] [Server thread/INFO]: Max Entity Collisions: 8
[12:31:35] [Server thread/INFO]: Entity Activation Range: An 32 / Mo 32 / Mi 16
[12:31:35] [Server thread/INFO]: Cactus Growth Modifier: 100%
[12:31:35] [Server thread/INFO]: Cane Growth Modifier: 100%
[12:31:35] [Server thread/INFO]: Melon Growth Modifier: 100%
[12:31:35] [Server thread/INFO]: Mushroom Growth Modifier: 100%
[12:31:35] [Server thread/INFO]: Pumpkin Growth Modifier: 100%
[12:31:35] [Server thread/INFO]: Sapling Growth Modifier: 100%
[12:31:35] [Server thread/INFO]: Wheat Growth Modifier: 100%
[12:31:35] [Server thread/INFO]: Anti X-Ray: true
[12:31:35] [Server thread/INFO]: 	Engine Mode: 1
[12:31:35] [Server thread/INFO]: 	Hidden Blocks: [14, 15, 16, 21, 48, 49, 54, 56, 73, 74, 82, 129, 130]
[12:31:35] [Server thread/INFO]: 	Replace Blocks: [1, 5]
[12:31:35] [Server thread/INFO]: View Distance: 10
[12:31:35] [Server thread/INFO]: Chunks to Grow per Tick: 650
[12:31:35] [Server thread/INFO]: Clear tick list: false
[12:31:35] [Server thread/INFO]: Experience Merge Radius: 3.0
[12:31:35] [Server thread/INFO]: Mob Spawn Range: 4
[12:31:35] [Server thread/INFO]: Nerfing mobs spawned from spawners: false
[12:31:35] [Server thread/INFO]: Arrow Despawn Rate: 1200
[12:31:35] [Server thread/INFO]: Item Despawn Rate: 6000
[12:31:35] [Server thread/INFO]: Item Merge Radius: 2.5
[12:31:35] [Server thread/INFO]: Allow Zombie Pigmen to spawn from portal blocks: true
[12:31:35] [Server thread/INFO]: Zombie Aggressive Towards Villager: true
[12:31:35] [Server thread/INFO]: Preparing start region for level 1 (Seed: 7036588432996599363)
[12:31:35] [Server thread/WARN]: [Multiverse-Core] Spawn location from world.dat file was unsafe. Adjusting...
[12:31:35] [Server thread/WARN]: [Multiverse-Core] Original Location: X: 21 Y: 64 Z: 53 P: 0 Y: 0 
[12:31:35] [Server thread/ERROR]: [Multiverse-Core] New safe spawn NOT found!!!
[12:31:35] [Server thread/INFO]: [Multiverse-Core] Loading World & Settings - 'worldwalls2' - Env: NORMAL - Type: FLAT & seed: 7036588432996599363
[12:31:35] [Server thread/INFO]: -------- World Settings For [worldwalls2] --------
[12:31:35] [Server thread/INFO]: Entity Tracking Range: Pl 48 / An 48 / Mo 48 / Mi 32 / Other 64
[12:31:35] [Server thread/INFO]: Hopper Transfer: 8 Hopper Check: 8
[12:31:35] [Server thread/INFO]: Random Lighting Updates: false
[12:31:35] [Server thread/INFO]: Structure Info Saving: true
[12:31:35] [Server thread/INFO]: Sending up to 5 chunks per packet
[12:31:35] [Server thread/INFO]: Max Entity Collisions: 8
[12:31:35] [Server thread/INFO]: Entity Activation Range: An 32 / Mo 32 / Mi 16
[12:31:35] [Server thread/INFO]: Cactus Growth Modifier: 100%
[12:31:35] [Server thread/INFO]: Cane Growth Modifier: 100%
[12:31:35] [Server thread/INFO]: Melon Growth Modifier: 100%
[12:31:35] [Server thread/INFO]: Mushroom Growth Modifier: 100%
[12:31:35] [Server thread/INFO]: Pumpkin Growth Modifier: 100%
[12:31:35] [Server thread/INFO]: Sapling Growth Modifier: 100%
[12:31:35] [Server thread/INFO]: Wheat Growth Modifier: 100%
[12:31:35] [Server thread/INFO]: Anti X-Ray: true
[12:31:35] [Server thread/INFO]: 	Engine Mode: 1
[12:31:35] [Server thread/INFO]: 	Hidden Blocks: [14, 15, 16, 21, 48, 49, 54, 56, 73, 74, 82, 129, 130]
[12:31:35] [Server thread/INFO]: 	Replace Blocks: [1, 5]
[12:31:35] [Server thread/INFO]: View Distance: 10
[12:31:35] [Server thread/INFO]: Chunks to Grow per Tick: 650
[12:31:35] [Server thread/INFO]: Clear tick list: false
[12:31:35] [Server thread/INFO]: Experience Merge Radius: 3.0
[12:31:35] [Server thread/INFO]: Mob Spawn Range: 4
[12:31:35] [Server thread/INFO]: Nerfing mobs spawned from spawners: false
[12:31:35] [Server thread/INFO]: Arrow Despawn Rate: 1200
[12:31:35] [Server thread/INFO]: Item Despawn Rate: 6000
[12:31:35] [Server thread/INFO]: Item Merge Radius: 2.5
[12:31:35] [Server thread/INFO]: Allow Zombie Pigmen to spawn from portal blocks: true
[12:31:35] [Server thread/INFO]: Zombie Aggressive Towards Villager: true
[12:31:35] [Server thread/INFO]: Preparing start region for level 2 (Seed: 7036588432996599363)
[12:31:36] [Server thread/INFO]: [Multiverse-Core] Loading World & Settings - 'worldwalls3' - Env: NORMAL - Type: FLAT & seed: 7036588432996599363
[12:31:36] [Server thread/INFO]: -------- World Settings For [worldwalls3] --------
[12:31:36] [Server thread/INFO]: Entity Tracking Range: Pl 48 / An 48 / Mo 48 / Mi 32 / Other 64
[12:31:36] [Server thread/INFO]: Hopper Transfer: 8 Hopper Check: 8
[12:31:36] [Server thread/INFO]: Random Lighting Updates: false
[12:31:36] [Server thread/INFO]: Structure Info Saving: true
[12:31:36] [Server thread/INFO]: Sending up to 5 chunks per packet
[12:31:36] [Server thread/INFO]: Max Entity Collisions: 8
[12:31:36] [Server thread/INFO]: Entity Activation Range: An 32 / Mo 32 / Mi 16
[12:31:36] [Server thread/INFO]: Cactus Growth Modifier: 100%
[12:31:36] [Server thread/INFO]: Cane Growth Modifier: 100%
[12:31:36] [Server thread/INFO]: Melon Growth Modifier: 100%
[12:31:36] [Server thread/INFO]: Mushroom Growth Modifier: 100%
[12:31:36] [Server thread/INFO]: Pumpkin Growth Modifier: 100%
[12:31:36] [Server thread/INFO]: Sapling Growth Modifier: 100%
[12:31:36] [Server thread/INFO]: Wheat Growth Modifier: 100%
[12:31:36] [Server thread/INFO]: Anti X-Ray: true
[12:31:36] [Server thread/INFO]: 	Engine Mode: 1
[12:31:36] [Server thread/INFO]: 	Hidden Blocks: [14, 15, 16, 21, 48, 49, 54, 56, 73, 74, 82, 129, 130]
[12:31:36] [Server thread/INFO]: 	Replace Blocks: [1, 5]
[12:31:36] [Server thread/INFO]: View Distance: 10
[12:31:36] [Server thread/INFO]: Chunks to Grow per Tick: 650
[12:31:36] [Server thread/INFO]: Clear tick list: false
[12:31:36] [Server thread/INFO]: Experience Merge Radius: 3.0
[12:31:36] [Server thread/INFO]: Mob Spawn Range: 4
[12:31:36] [Server thread/INFO]: Nerfing mobs spawned from spawners: false
[12:31:36] [Server thread/INFO]: Arrow Despawn Rate: 1200
[12:31:36] [Server thread/INFO]: Item Despawn Rate: 6000
[12:31:36] [Server thread/INFO]: Item Merge Radius: 2.5
[12:31:36] [Server thread/INFO]: Allow Zombie Pigmen to spawn from portal blocks: true
[12:31:36] [Server thread/INFO]: Zombie Aggressive Towards Villager: true
[12:31:36] [Server thread/INFO]: Preparing start region for level 3 (Seed: 7036588432996599363)
[12:31:36] [Server thread/WARN]: [Multiverse-Core] Spawn location from world.dat file was unsafe. Adjusting...
[12:31:36] [Server thread/WARN]: [Multiverse-Core] Original Location: X: 50 Y: 65 Z: 24 P: 0 Y: 0 
[12:31:36] [Server thread/ERROR]: [Multiverse-Core] New safe spawn NOT found!!!
[12:31:36] [Server thread/INFO]: [Multiverse-Core] Loading World & Settings - 'hyperwall' - Env: NORMAL - Type: NORMAL & seed: -2705508231839628497
[12:31:36] [Server thread/INFO]: [Multiverse-Core] 4 - World(s) loaded.
[12:31:36] [Server thread/INFO]: [WorldEdit] Enabling WorldEdit v5.7-SNAPSHOT:3011-bc711d9,master
[12:31:36] [Server thread/INFO]: WEPIF: Using the Bukkit Permissions API.
[12:31:36] [Server thread/INFO]: [PermissionsEx] Enabling PermissionsEx v1.20.4
[12:31:36] [Server thread/INFO]: WEPIF: PermissionsEx detected! Using PermissionsEx for permissions.
[12:31:36] [Server thread/INFO]: [Vault][Permission] PermissionsEx hooked.
[12:31:36] [Server thread/INFO]: [Vault][Chat] PermissionsEx_Chat hooked.
[12:31:36] [Server thread/INFO]: [Craftconomy3] Enabling Craftconomy3 v3.1.5 jenkins-Craftconomy3-2076
[12:31:36] [Server thread/INFO]: [Craftconomy3] Starting up!
[12:31:36] [Server thread/INFO]: [Craftconomy3] Loading the Configuration
[12:31:37] [Server thread/INFO]: [Craftconomy3] Loading listeners.
[12:31:37] [Server thread/INFO]: [Craftconomy3] Loading commands
[12:31:37] [Server thread/INFO]: [Craftconomy3] Loading the Database Manager
[12:31:37] [Server thread/INFO]: [Craftconomy3] Database Manager Loaded!
[12:31:37] [Server thread/INFO]: [Craftconomy3] Loading the Currency manager.
[12:31:37] [Server thread/INFO]: [Craftconomy3] Currency Manager Loaded!
[12:31:37] [Server thread/INFO]: [Craftconomy3] Loading default settings.
[12:31:37] [Server thread/INFO]: [Craftconomy3] Default settings loaded!
[12:31:37] [Server thread/INFO]: [Craftconomy3] Loading the Account Manager
[12:31:37] [Server thread/INFO]: [Craftconomy3] Account Manager Loaded!
[12:31:37] [Server thread/INFO]: [Craftconomy3] Loading the PayDay manager.
[12:31:37] [Server thread/INFO]: [Craftconomy3] PayDay Manager loaded!
[12:31:37] [Server thread/INFO]: [Craftconomy3] World Group Manager loaded!
[12:31:37] [Server thread/INFO]: [Craftconomy3] Ready!
[12:31:37] [Server thread/INFO]: [Vault][Economy] Craftconomy3 hooked.
[12:31:37] [Server thread/INFO]: [PortalCommands] Enabling PortalCommands v1.0
[12:31:37] [Server thread/INFO]: [CommandPortals] Enabling listeners...
[12:31:37] [Server thread/INFO]: [WorldGuard] Enabling WorldGuard v5.9
[12:31:37] [Server thread/INFO]: [WorldGuard] (hyperwall) TNT ignition is PERMITTED.
[12:31:37] [Server thread/INFO]: [WorldGuard] (hyperwall) Lighters are PERMITTED.
[12:31:37] [Server thread/INFO]: [WorldGuard] (hyperwall) Lava fire is blocked.
[12:31:37] [Server thread/INFO]: [WorldGuard] (hyperwall) Fire spread is UNRESTRICTED.
[12:31:37] [Server thread/INFO]: [WorldGuard] Loaded configuration for world 'hyperwall'
[12:31:37] [Server thread/INFO]: [WorldGuard] (worldwalls) TNT ignition is PERMITTED.
[12:31:37] [Server thread/INFO]: [WorldGuard] (worldwalls) Lighters are PERMITTED.
[12:31:37] [Server thread/INFO]: [WorldGuard] (worldwalls) Lava fire is blocked.
[12:31:37] [Server thread/INFO]: [WorldGuard] (worldwalls) Fire spread is UNRESTRICTED.
[12:31:37] [Server thread/INFO]: [WorldGuard] Loaded configuration for world 'worldwalls'
[12:31:37] [Server thread/INFO]: [WorldGuard] (worldwalls2) TNT ignition is PERMITTED.
[12:31:37] [Server thread/INFO]: [WorldGuard] (worldwalls2) Lighters are PERMITTED.
[12:31:37] [Server thread/INFO]: [WorldGuard] (worldwalls2) Lava fire is blocked.
[12:31:37] [Server thread/INFO]: [WorldGuard] (worldwalls2) Fire spread is UNRESTRICTED.
[12:31:37] [Server thread/INFO]: [WorldGuard] Loaded configuration for world 'worldwalls2'
[12:31:37] [Server thread/INFO]: [WorldGuard] (worldwalls3) TNT ignition is PERMITTED.
[12:31:37] [Server thread/INFO]: [WorldGuard] (worldwalls3) Lighters are PERMITTED.
[12:31:37] [Server thread/INFO]: [WorldGuard] (worldwalls3) Lava fire is blocked.
[12:31:37] [Server thread/INFO]: [WorldGuard] (worldwalls3) Fire spread is UNRESTRICTED.
[12:31:37] [Server thread/INFO]: [WorldGuard] Loaded configuration for world 'worldwalls3'
[12:31:37] [Server thread/INFO]: [WorldGuard] 0 regions loaded for 'hyperwall'
[12:31:37] [Server thread/INFO]: [WorldGuard] 0 regions loaded for 'worldwalls'
[12:31:37] [Server thread/INFO]: [WorldGuard] 0 regions loaded for 'worldwalls2'
[12:31:37] [Server thread/INFO]: [WorldGuard] 0 regions loaded for 'worldwalls3'
[12:31:37] [Server thread/INFO]: [Essentials] Enabling Essentials v2.12.2
[12:31:37] [Server thread/INFO]: Bukkit version format changed. Version not checked.
[12:31:37] [Server thread/INFO]: git-Spigot-1312 (MC: 1.7.2)
[12:31:37] [Server thread/INFO]: 1.7.2-R0.3-SNAPSHOT
[12:31:38] [Server thread/INFO]: [Vault][Economy] Essentials Economy hooked.
[12:31:38] [Server thread/INFO]: Essentials: Using PermissionsEx based permissions.
[12:31:38] [Server thread/INFO]: [Essentials] Payment method found (Vault - Economy: Craftconomy3 version: 1.2.31-b411)
[12:31:38] [Server thread/INFO]: [EssentialsChat] Enabling EssentialsChat v2.12.2
[12:31:38] [Server thread/INFO]: [EssentialsProtect] Enabling EssentialsProtect v2.12.2
[12:31:38] [Server thread/INFO]: [EssentialsSpawn] Enabling EssentialsSpawn v2.12.2
[12:31:38] [Server thread/INFO]: [EssentialsAntiBuild] Enabling EssentialsAntiBuild v2.12.2
[12:31:38] [Server thread/INFO]: Server permissions file permissions.yml is empty, ignoring it
[12:31:38] [Server thread/INFO]: Done (3.242s)! For help, type "help" or "?"
[12:31:38] [Craft Scheduler Thread - 4/INFO]: [Vault] Checking for Updates:
[12:31:38] [Craft Scheduler Thread - 4/INFO]: [Vault] No new version available
[12:31:47] [Server thread/INFO]: CONSOLE: Stopping the server..
[12:31:47] [Server thread/INFO]: Stopping server
[12:31:47] [Server thread/INFO]: [EssentialsAntiBuild] Disabling EssentialsAntiBuild v2.12.2
[12:31:47] [Server thread/INFO]: [EssentialsSpawn] Disabling EssentialsSpawn v2.12.2
[12:31:47] [Server thread/INFO]: [EssentialsProtect] Disabling EssentialsProtect v2.12.2
[12:31:47] [Server thread/INFO]: [EssentialsChat] Disabling EssentialsChat v2.12.2
[12:31:47] [Server thread/INFO]: [Essentials] Disabling Essentials v2.12.2
[12:31:47] [Server thread/INFO]: [Vault][Economy] Essentials Economy unhooked.
[12:31:47] [Server thread/INFO]: [WorldGuard] Disabling WorldGuard v5.9
[12:31:47] [Server thread/INFO]: [PortalCommands] Disabling PortalCommands v1.0
[12:31:47] [Server thread/INFO]: [Craftconomy3] Disabling Craftconomy3 v3.1.5 jenkins-Craftconomy3-2076
[12:31:47] [Server thread/INFO]: [Vault][Economy] Craftconomy3 unhooked.
[12:31:47] [Server thread/INFO]: [Craftconomy3] Closing the connection to the database.
[12:31:47] [Server thread/INFO]: [PermissionsEx] Disabling PermissionsEx v1.20.4
[12:31:47] [Server thread/INFO]: WEPIF: PermissionsEx detected! Using PermissionsEx for permissions.
[12:31:47] [Server thread/INFO]: [Vault][Permission] PermissionsEx un-hooked.
[12:31:47] [Server thread/INFO]: [Vault][Chat] PermissionsEx_Chat un-hooked.
[12:31:47] [Server thread/INFO]: Permissions file successfully reloaded
[12:31:47] [Server thread/INFO]: [WorldEdit] Disabling WorldEdit v5.7-SNAPSHOT:3011-bc711d9,master
[12:31:47] [Server thread/INFO]: [Multiverse-Core] Disabling Multiverse-Core v2.4-b527
[12:31:47] [Server thread/INFO]: [Multiverse-Core] - Disabled
[12:31:47] [Server thread/INFO]: [Vault] Disabling Vault v1.2.31-b411
[12:31:47] [Server thread/INFO]: [ServerConnect] Disabling ServerConnect v0.1
[12:31:47] [Server thread/INFO]: Saving players
[12:31:47] [Server thread/INFO]: Saving worlds
[12:31:47] [Server thread/INFO]: Saving chunks for level 'hyperwall'/Overworld
[12:31:48] [Server thread/INFO]: Saving chunks for level 'worldwalls'/Overworld
[12:31:48] [Server thread/INFO]: Saving chunks for level 'worldwalls2'/Overworld
[12:31:48] [Server thread/INFO]: Saving chunks for level 'worldwalls3'/Overworld
[12:31:48] [Thread-4/INFO]: Stopping server
[12:31:48] [Thread-4/INFO]: Saving players
[12:31:48] [Thread-4/INFO]: Saving worlds
